2025-03-10 15:08:43,173 - INFO - Browser initialized successfully
2025-03-10 15:08:44,463 - INFO - Shutting down application
2025-03-19 10:38:54,324 - INFO - Browser initialized successfully
2025-03-19 10:38:54,325 - INFO - Processing student: 0006
2025-03-19 10:40:21,190 - INFO - Shutting down application
2025-03-19 10:42:00,266 - INFO - Browser initialized successfully
2025-03-19 10:42:00,267 - INFO - Processing student: 0005
2025-03-19 10:43:18,199 - INFO - Shutting down application
2025-03-19 10:43:27,456 - ERROR - Browser initialization failed: Message: no such window: target window already closed
from unknown error: web view not found
  (Session info: chrome=134.0.6998.89)
Stacktrace:
	GetHandleVerifier [0x00007FF6EB8DFE45+26629]
	(No symbol) [0x00007FF6EB846010]
	(No symbol) [0x00007FF6EB6D931A]
	(No symbol) [0x00007FF6EB6B1753]
	(No symbol) [0x00007FF6EB75F6BE]
	(No symbol) [0x00007FF6EB77FA55]
	(No symbol) [0x00007FF6EB757883]
	(No symbol) [0x00007FF6EB720550]
	(No symbol) [0x00007FF6EB721803]
	GetHandleVerifier [0x00007FF6EBC372BD+3529853]
	GetHandleVerifier [0x00007FF6EBC4DA22+3621858]
	GetHandleVerifier [0x00007FF6EBC424D3+3575443]
	GetHandleVerifier [0x00007FF6EB9AB77A+860474]
	(No symbol) [0x00007FF6EB85088F]
	(No symbol) [0x00007FF6EB84CBC4]
	(No symbol) [0x00007FF6EB84CD66]
	(No symbol) [0x00007FF6EB83C2C9]
	BaseThreadInitThunk [0x00007FF8F5EF269D+29]
	RtlUserThreadStart [0x00007FF8F744A9F8+40]

2025-03-19 10:43:30,969 - INFO - Shutting down application
2025-03-19 10:52:46,386 - ERROR - Browser initialization failed: Message: no such window: target window already closed
from unknown error: web view not found
  (Session info: chrome=134.0.6998.89)
Stacktrace:
	GetHandleVerifier [0x00007FF6EB8DFE45+26629]
	(No symbol) [0x00007FF6EB846010]
	(No symbol) [0x00007FF6EB6D931A]
	(No symbol) [0x00007FF6EB6B1753]
	(No symbol) [0x00007FF6EB75F6BE]
	(No symbol) [0x00007FF6EB77FA55]
	(No symbol) [0x00007FF6EB757883]
	(No symbol) [0x00007FF6EB720550]
	(No symbol) [0x00007FF6EB721803]
	GetHandleVerifier [0x00007FF6EBC372BD+3529853]
	GetHandleVerifier [0x00007FF6EBC4DA22+3621858]
	GetHandleVerifier [0x00007FF6EBC424D3+3575443]
	GetHandleVerifier [0x00007FF6EB9AB77A+860474]
	(No symbol) [0x00007FF6EB85088F]
	(No symbol) [0x00007FF6EB84CBC4]
	(No symbol) [0x00007FF6EB84CD66]
	(No symbol) [0x00007FF6EB83C2C9]
	BaseThreadInitThunk [0x00007FF8F5EF269D+29]
	RtlUserThreadStart [0x00007FF8F744A9F8+40]

2025-03-19 11:02:40,741 - INFO - Shutting down application
2025-03-19 11:04:23,520 - INFO - Browser initialized successfully
2025-03-19 11:05:44,624 - INFO - Browser initialized successfully
2025-03-19 11:31:37,331 - ERROR - Browser initialization failed: Message: no such window: target window already closed
from unknown error: web view not found
  (Session info: chrome=134.0.6998.89)
Stacktrace:
	GetHandleVerifier [0x00007FF6EB8DFE45+26629]
	(No symbol) [0x00007FF6EB846010]
	(No symbol) [0x00007FF6EB6D931A]
	(No symbol) [0x00007FF6EB6B1753]
	(No symbol) [0x00007FF6EB75F6BE]
	(No symbol) [0x00007FF6EB77FA55]
	(No symbol) [0x00007FF6EB757883]
	(No symbol) [0x00007FF6EB720550]
	(No symbol) [0x00007FF6EB721803]
	GetHandleVerifier [0x00007FF6EBC372BD+3529853]
	GetHandleVerifier [0x00007FF6EBC4DA22+3621858]
	GetHandleVerifier [0x00007FF6EBC424D3+3575443]
	GetHandleVerifier [0x00007FF6EB9AB77A+860474]
	(No symbol) [0x00007FF6EB85088F]
	(No symbol) [0x00007FF6EB84CBC4]
	(No symbol) [0x00007FF6EB84CD66]
	(No symbol) [0x00007FF6EB83C2C9]
	BaseThreadInitThunk [0x00007FF8F5EF269D+29]
	RtlUserThreadStart [0x00007FF8F744A9F8+40]

2025-03-19 11:42:05,404 - ERROR - Browser initialization failed: Message: no such window: target window already closed
from unknown error: web view not found
  (Session info: chrome=134.0.6998.89)
Stacktrace:
	GetHandleVerifier [0x00007FF6EB8DFE45+26629]
	(No symbol) [0x00007FF6EB846010]
	(No symbol) [0x00007FF6EB6D931A]
	(No symbol) [0x00007FF6EB6B1753]
	(No symbol) [0x00007FF6EB75F6BE]
	(No symbol) [0x00007FF6EB77FA55]
	(No symbol) [0x00007FF6EB757883]
	(No symbol) [0x00007FF6EB720550]
	(No symbol) [0x00007FF6EB721803]
	GetHandleVerifier [0x00007FF6EBC372BD+3529853]
	GetHandleVerifier [0x00007FF6EBC4DA22+3621858]
	GetHandleVerifier [0x00007FF6EBC424D3+3575443]
	GetHandleVerifier [0x00007FF6EB9AB77A+860474]
	(No symbol) [0x00007FF6EB85088F]
	(No symbol) [0x00007FF6EB84CBC4]
	(No symbol) [0x00007FF6EB84CD66]
	(No symbol) [0x00007FF6EB83C2C9]
	BaseThreadInitThunk [0x00007FF8F5EF269D+29]
	RtlUserThreadStart [0x00007FF8F744A9F8+40]

2025-03-19 11:42:17,410 - INFO - Shutting down application
2025-03-19 12:15:11,357 - INFO - Shutting down application
2025-03-19 12:15:13,293 - INFO - Shutting down application
2025-03-19 12:16:27,299 - INFO - Processing student: 0053
2025-03-19 12:16:53,850 - INFO - Browser initialized successfully
2025-03-19 12:16:53,851 - INFO - Processing student: 0053
2025-03-19 12:19:54,624 - INFO - Shutting down application
2025-03-19 12:21:13,010 - INFO - Processing student: 0053
2025-03-19 12:21:37,570 - INFO - Processing student: 0053
2025-03-19 12:24:43,163 - INFO - Processing student: 0053
2025-03-19 12:24:43,163 - INFO - Processing student: 0166
2025-03-19 12:26:37,576 - INFO - Processing student: 0166
2025-03-19 12:29:58,096 - INFO - Processing student: 0166
2025-03-19 12:32:42,539 - INFO - Processing student: 0001
2025-03-19 12:33:27,248 - INFO - Processing student: 0053
2025-03-19 12:33:27,248 - INFO - Processing student: 0001
2025-03-19 12:35:09,852 - INFO - Processing student: 0053
2025-03-19 12:35:14,054 - INFO - Processing student: 0001
2025-03-19 12:35:14,681 - INFO - Processing student: 0083
2025-03-19 12:36:15,156 - INFO - Processing student: 0053
2025-03-19 12:36:15,156 - INFO - Processing student: 0001
2025-03-19 12:36:15,768 - INFO - Processing student: 0108
2025-03-19 12:36:19,444 - INFO - Processing student: 0001
2025-03-19 12:36:20,071 - INFO - Processing student: 0005
2025-03-19 12:36:20,079 - INFO - Processing student: 0083
2025-03-19 12:36:20,707 - INFO - Processing student: 0009
2025-03-19 13:00:58,002 - INFO - Processing student: 0053
2025-03-19 13:00:58,003 - INFO - Processing student: 0108
2025-03-19 13:01:02,281 - INFO - Processing student: 0001
2025-03-19 13:01:02,372 - INFO - Processing student: 0001
2025-03-19 13:01:03,476 - INFO - Processing student: 0002
2025-03-19 13:42:32,311 - INFO - Shutting down application
2025-03-19 14:06:58,283 - INFO - Shutting down application
2025-03-21 08:23:08,958 - INFO - Processing student: 0007
2025-03-21 08:23:08,958 - INFO - Processing student: 0019
2025-03-21 08:23:11,337 - INFO - Processing student: 0020
2025-03-21 08:23:13,400 - INFO - Processing student: 0009
2025-03-21 08:23:13,626 - INFO - Processing student: 0001
2025-03-21 08:23:17,783 - INFO - Processing student: 0002
2025-03-21 08:23:18,477 - INFO - Processing student: 0001
2025-03-21 09:05:22,076 - INFO - Shutting down application
2025-03-21 09:10:24,038 - INFO - Processing student: 0007
2025-03-21 09:10:28,419 - INFO - Processing student: 0009
2025-03-21 09:10:32,805 - INFO - Processing student: 0001
2025-03-21 09:11:39,021 - INFO - Processing student: 0007
2025-03-21 09:11:43,313 - INFO - Processing student: 0009
2025-03-21 09:11:47,694 - INFO - Processing student: 0001
2025-03-21 09:11:48,387 - INFO - Processing student: 0002
2025-03-21 09:13:46,307 - INFO - Processing student: 0001
2025-03-21 09:13:46,307 - INFO - Processing student: 0001
2025-03-21 09:13:47,020 - INFO - Processing student: 0002
2025-03-21 09:55:18,782 - INFO - Shutting down application
2025-03-29 11:01:23,052 - INFO - Browser initialized successfully
2025-03-29 11:01:23,060 - INFO - Processing student: 0010
2025-03-29 11:01:26,143 - INFO - Processing student: 0015
2025-03-29 11:01:26,221 - INFO - Processing student: 0018
2025-03-29 11:01:26,221 - INFO - Processing student: 0001
2025-03-29 11:01:47,487 - INFO - Processing student: 0010
2025-03-29 11:01:49,964 - INFO - Processing student: 0015
2025-03-29 11:01:52,313 - INFO - Processing student: 0018
2025-03-29 11:01:54,654 - INFO - Processing student: 0001
2025-03-29 11:02:57,985 - INFO - Shutting down application
2025-03-29 11:10:56,384 - INFO - Processing student: 0010
2025-03-29 11:10:58,819 - INFO - Processing student: 0015
2025-03-29 11:11:01,224 - INFO - Processing student: 0001
2025-03-29 11:13:11,392 - INFO - Processing student: 0010
2025-03-29 11:13:13,789 - INFO - Processing student: 0015
2025-03-29 11:13:16,177 - INFO - Processing student: 0001
2025-03-29 11:13:24,276 - INFO - Processing student: 0001
2025-03-29 11:13:44,770 - WARNING - Attempt 2 failed for student 0001: Message: 
Stacktrace:
	GetHandleVerifier [0x00007FF792CD4C25+3179557]
	(No symbol) [0x00007FF7929388A0]
	(No symbol) [0x00007FF7927C91CA]
	(No symbol) [0x00007FF79281FA67]
	(No symbol) [0x00007FF79281FC9C]
	(No symbol) [0x00007FF792873627]
	(No symbol) [0x00007FF792847C6F]
	(No symbol) [0x00007FF7928702F3]
	(No symbol) [0x00007FF792847A03]
	(No symbol) [0x00007FF7928106D0]
	(No symbol) [0x00007FF792811983]
	GetHandleVerifier [0x00007FF792D367CD+3579853]
	GetHandleVerifier [0x00007FF792D4D1D2+3672530]
	GetHandleVerifier [0x00007FF792D42153+3627347]
	GetHandleVerifier [0x00007FF792AA092A+868650]
	(No symbol) [0x00007FF792942FFF]
	(No symbol) [0x00007FF79293F4A4]
	(No symbol) [0x00007FF79293F646]
	(No symbol) [0x00007FF79292EAA9]
	BaseThreadInitThunk [0x00007FFA60CC269D+29]
	RtlUserThreadStart [0x00007FFA6212A9F8+40]

2025-03-29 11:13:47,118 - INFO - Processing student: 0001
2025-03-29 11:14:07,562 - WARNING - Attempt 3 failed for student 0001: Message: 
Stacktrace:
	GetHandleVerifier [0x00007FF792CD4C25+3179557]
	(No symbol) [0x00007FF7929388A0]
	(No symbol) [0x00007FF7927C91CA]
	(No symbol) [0x00007FF79281FA67]
	(No symbol) [0x00007FF79281FC9C]
	(No symbol) [0x00007FF792873627]
	(No symbol) [0x00007FF792847C6F]
	(No symbol) [0x00007FF7928702F3]
	(No symbol) [0x00007FF792847A03]
	(No symbol) [0x00007FF7928106D0]
	(No symbol) [0x00007FF792811983]
	GetHandleVerifier [0x00007FF792D367CD+3579853]
	GetHandleVerifier [0x00007FF792D4D1D2+3672530]
	GetHandleVerifier [0x00007FF792D42153+3627347]
	GetHandleVerifier [0x00007FF792AA092A+868650]
	(No symbol) [0x00007FF792942FFF]
	(No symbol) [0x00007FF79293F4A4]
	(No symbol) [0x00007FF79293F646]
	(No symbol) [0x00007FF79292EAA9]
	BaseThreadInitThunk [0x00007FFA60CC269D+29]
	RtlUserThreadStart [0x00007FFA6212A9F8+40]

2025-03-29 11:22:15,041 - INFO - Shutting down application
2025-03-29 11:24:31,103 - INFO - Shutting down application
2025-03-29 11:24:47,556 - INFO - Shutting down application
2025-03-29 11:28:14,203 - INFO - Shutting down application
2025-03-29 11:44:27,284 - INFO - Processing student: 0010
2025-03-29 11:44:36,945 - INFO - Processing student: 0015
2025-03-29 11:44:42,442 - INFO - Processing student: 0001
2025-03-29 11:44:48,554 - INFO - Processing student: 0001
2025-03-29 11:45:09,019 - WARNING - Attempt 2 failed for student 0001: Message: 
Stacktrace:
	GetHandleVerifier [0x00007FF792CD4C25+3179557]
	(No symbol) [0x00007FF7929388A0]
	(No symbol) [0x00007FF7927C91CA]
	(No symbol) [0x00007FF79281FA67]
	(No symbol) [0x00007FF79281FC9C]
	(No symbol) [0x00007FF792873627]
	(No symbol) [0x00007FF792847C6F]
	(No symbol) [0x00007FF7928702F3]
	(No symbol) [0x00007FF792847A03]
	(No symbol) [0x00007FF7928106D0]
	(No symbol) [0x00007FF792811983]
	GetHandleVerifier [0x00007FF792D367CD+3579853]
	GetHandleVerifier [0x00007FF792D4D1D2+3672530]
	GetHandleVerifier [0x00007FF792D42153+3627347]
	GetHandleVerifier [0x00007FF792AA092A+868650]
	(No symbol) [0x00007FF792942FFF]
	(No symbol) [0x00007FF79293F4A4]
	(No symbol) [0x00007FF79293F646]
	(No symbol) [0x00007FF79292EAA9]
	BaseThreadInitThunk [0x00007FFA60CC269D+29]
	RtlUserThreadStart [0x00007FFA6212A9F8+40]

2025-03-29 11:45:12,319 - INFO - Processing student: 0001
2025-03-29 11:45:32,792 - WARNING - Attempt 3 failed for student 0001: Message: 
Stacktrace:
	GetHandleVerifier [0x00007FF792CD4C25+3179557]
	(No symbol) [0x00007FF7929388A0]
	(No symbol) [0x00007FF7927C91CA]
	(No symbol) [0x00007FF79281FA67]
	(No symbol) [0x00007FF79281FC9C]
	(No symbol) [0x00007FF792873627]
	(No symbol) [0x00007FF792847C6F]
	(No symbol) [0x00007FF7928702F3]
	(No symbol) [0x00007FF792847A03]
	(No symbol) [0x00007FF7928106D0]
	(No symbol) [0x00007FF792811983]
	GetHandleVerifier [0x00007FF792D367CD+3579853]
	GetHandleVerifier [0x00007FF792D4D1D2+3672530]
	GetHandleVerifier [0x00007FF792D42153+3627347]
	GetHandleVerifier [0x00007FF792AA092A+868650]
	(No symbol) [0x00007FF792942FFF]
	(No symbol) [0x00007FF79293F4A4]
	(No symbol) [0x00007FF79293F646]
	(No symbol) [0x00007FF79292EAA9]
	BaseThreadInitThunk [0x00007FFA60CC269D+29]
	RtlUserThreadStart [0x00007FFA6212A9F8+40]

2025-03-29 11:57:39,306 - INFO - Processing student: 0010
2025-03-29 11:57:45,405 - WARNING - Failed to set notebook status directly: Message: no such element: Unable to locate element: {"method":"xpath","selector":".//select"}
  (Session info: chrome=134.0.6998.178); For documentation on this error, please visit: https://www.selenium.dev/documentation/webdriver/troubleshooting/errors#no-such-element-exception
Stacktrace:
	GetHandleVerifier [0x00007FF792CD4C25+3179557]
	(No symbol) [0x00007FF7929388A0]
	(No symbol) [0x00007FF7927C91CA]
	(No symbol) [0x00007FF79281FA67]
	(No symbol) [0x00007FF79281FC9C]
	(No symbol) [0x00007FF79281240C]
	(No symbol) [0x00007FF792847C6F]
	(No symbol) [0x00007FF7928122D6]
	(No symbol) [0x00007FF792847E40]
	(No symbol) [0x00007FF7928702F3]
	(No symbol) [0x00007FF792847A03]
	(No symbol) [0x00007FF7928106D0]
	(No symbol) [0x00007FF792811983]
	GetHandleVerifier [0x00007FF792D367CD+3579853]
	GetHandleVerifier [0x00007FF792D4D1D2+3672530]
	GetHandleVerifier [0x00007FF792D42153+3627347]
	GetHandleVerifier [0x00007FF792AA092A+868650]
	(No symbol) [0x00007FF792942FFF]
	(No symbol) [0x00007FF79293F4A4]
	(No symbol) [0x00007FF79293F646]
	(No symbol) [0x00007FF79292EAA9]
	BaseThreadInitThunk [0x00007FFA60CC269D+29]
	RtlUserThreadStart [0x00007FFA6212A9F8+40]

2025-03-29 11:57:45,413 - WARNING - Attempt 1 failed for student 0010: Message: no such element: Unable to locate element: {"method":"xpath","selector":".//select"}
  (Session info: chrome=134.0.6998.178); For documentation on this error, please visit: https://www.selenium.dev/documentation/webdriver/troubleshooting/errors#no-such-element-exception
Stacktrace:
	GetHandleVerifier [0x00007FF792CD4C25+3179557]
	(No symbol) [0x00007FF7929388A0]
	(No symbol) [0x00007FF7927C91CA]
	(No symbol) [0x00007FF79281FA67]
	(No symbol) [0x00007FF79281FC9C]
	(No symbol) [0x00007FF79281240C]
	(No symbol) [0x00007FF792847C6F]
	(No symbol) [0x00007FF7928122D6]
	(No symbol) [0x00007FF792847E40]
	(No symbol) [0x00007FF7928702F3]
	(No symbol) [0x00007FF792847A03]
	(No symbol) [0x00007FF7928106D0]
	(No symbol) [0x00007FF792811983]
	GetHandleVerifier [0x00007FF792D367CD+3579853]
	GetHandleVerifier [0x00007FF792D4D1D2+3672530]
	GetHandleVerifier [0x00007FF792D42153+3627347]
	GetHandleVerifier [0x00007FF792AA092A+868650]
	(No symbol) [0x00007FF792942FFF]
	(No symbol) [0x00007FF79293F4A4]
	(No symbol) [0x00007FF79293F646]
	(No symbol) [0x00007FF79292EAA9]
	BaseThreadInitThunk [0x00007FFA60CC269D+29]
	RtlUserThreadStart [0x00007FFA6212A9F8+40]

2025-03-29 11:57:48,644 - INFO - Processing student: 0010
2025-03-29 11:58:08,710 - WARNING - Attempt 2 failed for student 0010: Message: 
Stacktrace:
	GetHandleVerifier [0x00007FF792CD4C25+3179557]
	(No symbol) [0x00007FF7929388A0]
	(No symbol) [0x00007FF7927C91CA]
	(No symbol) [0x00007FF79281FA67]
	(No symbol) [0x00007FF79281FC9C]
	(No symbol) [0x00007FF792873627]
	(No symbol) [0x00007FF792847C6F]
	(No symbol) [0x00007FF7928702F3]
	(No symbol) [0x00007FF792847A03]
	(No symbol) [0x00007FF7928106D0]
	(No symbol) [0x00007FF792811983]
	GetHandleVerifier [0x00007FF792D367CD+3579853]
	GetHandleVerifier [0x00007FF792D4D1D2+3672530]
	GetHandleVerifier [0x00007FF792D42153+3627347]
	GetHandleVerifier [0x00007FF792AA092A+868650]
	(No symbol) [0x00007FF792942FFF]
	(No symbol) [0x00007FF79293F4A4]
	(No symbol) [0x00007FF79293F646]
	(No symbol) [0x00007FF79292EAA9]
	BaseThreadInitThunk [0x00007FFA60CC269D+29]
	RtlUserThreadStart [0x00007FFA6212A9F8+40]

2025-03-29 11:58:11,201 - INFO - Processing student: 0010
2025-03-29 11:58:31,215 - WARNING - Attempt 3 failed for student 0010: Message: 
Stacktrace:
	GetHandleVerifier [0x00007FF792CD4C25+3179557]
	(No symbol) [0x00007FF7929388A0]
	(No symbol) [0x00007FF7927C91CA]
	(No symbol) [0x00007FF79281FA67]
	(No symbol) [0x00007FF79281FC9C]
	(No symbol) [0x00007FF792873627]
	(No symbol) [0x00007FF792847C6F]
	(No symbol) [0x00007FF7928702F3]
	(No symbol) [0x00007FF792847A03]
	(No symbol) [0x00007FF7928106D0]
	(No symbol) [0x00007FF792811983]
	GetHandleVerifier [0x00007FF792D367CD+3579853]
	GetHandleVerifier [0x00007FF792D4D1D2+3672530]
	GetHandleVerifier [0x00007FF792D42153+3627347]
	GetHandleVerifier [0x00007FF792AA092A+868650]
	(No symbol) [0x00007FF792942FFF]
	(No symbol) [0x00007FF79293F4A4]
	(No symbol) [0x00007FF79293F646]
	(No symbol) [0x00007FF79292EAA9]
	BaseThreadInitThunk [0x00007FFA60CC269D+29]
	RtlUserThreadStart [0x00007FFA6212A9F8+40]

2025-03-29 12:02:52,098 - INFO - Processing student: 0010
2025-03-29 12:03:00,848 - INFO - Processing student: 0010
2025-03-29 12:03:00,848 - WARNING - Attempt 2 failed for student 0010: Message: invalid session id: session deleted as the browser has closed the connection
from disconnected: not connected to DevTools
  (Session info: chrome=134.0.6998.178)
Stacktrace:
	GetHandleVerifier [0x00007FF792CD4C25+3179557]
	(No symbol) [0x00007FF7929388A0]
	(No symbol) [0x00007FF7927C91CA]
	(No symbol) [0x00007FF7927B4F85]
	(No symbol) [0x00007FF7927D9F94]
	(No symbol) [0x00007FF79284F9DF]
	(No symbol) [0x00007FF79286FBE2]
	(No symbol) [0x00007FF792847A03]
	(No symbol) [0x00007FF7928106D0]
	(No symbol) [0x00007FF792811983]
	GetHandleVerifier [0x00007FF792D367CD+3579853]
	GetHandleVerifier [0x00007FF792D4D1D2+3672530]
	GetHandleVerifier [0x00007FF792D42153+3627347]
	GetHandleVerifier [0x00007FF792AA092A+868650]
	(No symbol) [0x00007FF792942FFF]
	(No symbol) [0x00007FF79293F4A4]
	(No symbol) [0x00007FF79293F646]
	(No symbol) [0x00007FF79292EAA9]
	BaseThreadInitThunk [0x00007FFA60CC269D+29]
	RtlUserThreadStart [0x00007FFA6212A9F8+40]

2025-03-29 12:03:00,978 - ERROR - Error during refresh: Message: invalid session id
Stacktrace:
	GetHandleVerifier [0x00007FF792CD4C25+3179557]
	(No symbol) [0x00007FF7929388A0]
	(No symbol) [0x00007FF7927C8FFC]
	(No symbol) [0x00007FF79280F8DF]
	(No symbol) [0x00007FF792847AF2]
	(No symbol) [0x00007FF79284244E]
	(No symbol) [0x00007FF7928414F9]
	(No symbol) [0x00007FF7927955E5]
	GetHandleVerifier [0x00007FF792D367CD+3579853]
	GetHandleVerifier [0x00007FF792D4D1D2+3672530]
	GetHandleVerifier [0x00007FF792D42153+3627347]
	GetHandleVerifier [0x00007FF792AA092A+868650]
	(No symbol) [0x00007FF792942FFF]
	(No symbol) [0x00007FF7927941FF]
	GetHandleVerifier [0x00007FF792DBFA28+4141608]
	BaseThreadInitThunk [0x00007FFA60CC269D+29]
	RtlUserThreadStart [0x00007FFA6212A9F8+40]

2025-03-29 12:03:00,979 - INFO - Processing student: 0010
2025-03-29 12:03:00,979 - WARNING - Attempt 3 failed for student 0010: Message: invalid session id
Stacktrace:
	GetHandleVerifier [0x00007FF792CD4C25+3179557]
	(No symbol) [0x00007FF7929388A0]
	(No symbol) [0x00007FF7927C8FFC]
	(No symbol) [0x00007FF79280F8DF]
	(No symbol) [0x00007FF792847AF2]
	(No symbol) [0x00007FF79284244E]
	(No symbol) [0x00007FF7928414F9]
	(No symbol) [0x00007FF7927955E5]
	GetHandleVerifier [0x00007FF792D367CD+3579853]
	GetHandleVerifier [0x00007FF792D4D1D2+3672530]
	GetHandleVerifier [0x00007FF792D42153+3627347]
	GetHandleVerifier [0x00007FF792AA092A+868650]
	(No symbol) [0x00007FF792942FFF]
	(No symbol) [0x00007FF7927941FF]
	GetHandleVerifier [0x00007FF792DBFA28+4141608]
	BaseThreadInitThunk [0x00007FFA60CC269D+29]
	RtlUserThreadStart [0x00007FFA6212A9F8+40]

2025-03-29 19:28:30,991 - INFO - Shutting down application
2025-03-29 19:47:37,903 - INFO - Processing student: 0010
2025-03-29 20:20:33,101 - INFO - Processing student: 0010
2025-03-29 20:20:35,457 - INFO - Processing student: 0021
2025-03-29 20:20:37,846 - INFO - Processing student: 0048
2025-03-29 20:20:40,396 - INFO - Processing student: 0116
2025-03-29 20:20:42,980 - INFO - Processing student: 132
2025-03-29 20:20:45,522 - INFO - Processing student: 150
2025-03-29 20:20:48,030 - INFO - Processing student: 165
2025-03-29 20:20:50,545 - INFO - Processing student: 172
2025-03-29 20:20:53,061 - INFO - Processing student: 173
2025-03-29 20:20:55,583 - INFO - Processing student: 191
2025-03-29 20:20:58,158 - INFO - Processing student: 262
2025-03-29 20:21:00,710 - INFO - Processing student: 267
2025-03-29 20:21:03,217 - INFO - Processing student: 270
2025-03-29 20:21:05,767 - INFO - Processing student: 271
2025-03-29 20:21:08,351 - INFO - Processing student: 272
2025-03-29 20:21:11,049 - INFO - Processing student: 289
2025-03-29 20:21:13,456 - INFO - Processing student: 227
2025-03-29 20:21:15,829 - INFO - Processing student: 290
2025-03-29 20:21:18,211 - INFO - Processing student: 294
2025-03-29 20:21:20,592 - INFO - Processing student: 296
2025-03-29 20:21:22,957 - INFO - Processing student: 313
2025-03-29 20:21:25,365 - INFO - Processing student: 314
2025-03-29 20:21:27,785 - INFO - Processing student: 324
2025-03-29 20:21:30,168 - INFO - Processing student: 326
2025-03-29 20:21:32,530 - INFO - Processing student: 333
2025-03-29 20:21:34,905 - INFO - Processing student: 335
2025-03-29 20:21:37,278 - INFO - Processing student: 347
2025-03-29 20:21:39,654 - INFO - Processing student: 355
2025-03-29 20:21:42,031 - INFO - Processing student: 390
2025-03-29 20:21:44,435 - INFO - Processing student: 399
2025-03-29 20:21:46,857 - INFO - Processing student: 415
2025-03-29 20:21:49,245 - INFO - Processing student: 417
2025-03-29 20:21:51,647 - INFO - Processing student: 418
2025-03-29 20:21:54,046 - INFO - Processing student: 424
2025-03-29 20:21:56,492 - INFO - Processing student: 428
2025-03-29 20:21:58,974 - INFO - Processing student: 430
2025-03-29 20:22:01,438 - INFO - Processing student: 432
2025-03-29 20:22:03,933 - INFO - Processing student: 435
2025-03-29 20:22:06,408 - INFO - Processing student: 436
2025-03-29 20:22:08,905 - INFO - Processing student: 437
2025-03-29 20:22:11,407 - INFO - Processing student: 438
2025-03-29 20:22:14,030 - INFO - Processing student: 443
2025-03-29 20:22:16,491 - INFO - Processing student: 444
2025-03-29 20:22:18,944 - INFO - Processing student: 446
2025-03-29 20:22:21,416 - INFO - Processing student: 449
2025-03-29 20:22:23,970 - INFO - Processing student: 396
2025-03-29 20:22:26,497 - INFO - Processing student: 277
2025-03-29 20:22:28,895 - INFO - Processing student: 114
2025-03-29 20:22:31,350 - INFO - Processing student: 0059
2025-03-29 20:22:33,790 - INFO - Processing student: 312
2025-03-29 20:22:36,398 - INFO - Processing student: 332
2025-03-29 20:22:38,913 - INFO - Processing student: 279
2025-03-29 20:22:41,351 - INFO - Processing student: 236
2025-03-29 20:22:43,776 - INFO - Processing student: 218
2025-03-29 20:22:46,190 - INFO - Processing student: 295
2025-03-29 20:22:48,625 - INFO - Processing student: 319
2025-03-29 20:25:10,686 - INFO - Processing student: 367
2025-03-29 20:25:13,020 - INFO - Processing student: 349
2025-03-29 20:25:15,529 - INFO - Processing student: 448
2025-03-29 20:25:17,898 - INFO - Processing student: 391
2025-03-29 20:25:20,280 - INFO - Processing student: 445
2025-03-29 20:28:28,790 - INFO - Processing student: 408
2025-03-29 20:28:31,289 - INFO - Processing student: 363
2025-03-29 20:28:33,801 - INFO - Processing student: 319
2025-03-29 20:28:36,336 - INFO - Processing student: 206
2025-03-29 20:29:53,969 - INFO - Processing student: 421
2025-03-29 20:42:54,177 - INFO - Shutting down application
2025-04-02 11:26:55,689 - INFO - Shutting down application
2025-04-02 11:30:45,931 - INFO - Shutting down application
2025-04-02 11:44:34,422 - INFO - Processing student: 0015
2025-04-02 11:44:38,756 - INFO - Processing student: 0018
2025-04-02 11:44:43,089 - INFO - Processing student: 0001
2025-04-02 11:44:48,346 - INFO - Processing student: 0001
2025-04-02 11:45:08,664 - WARNING - Attempt 2 failed for student 0001: Message: 
Stacktrace:
	GetHandleVerifier [0x00007FF63E134C25+3179557]
	(No symbol) [0x00007FF63DD988A0]
	(No symbol) [0x00007FF63DC291CA]
	(No symbol) [0x00007FF63DC7FA67]
	(No symbol) [0x00007FF63DC7FC9C]
	(No symbol) [0x00007FF63DCD3627]
	(No symbol) [0x00007FF63DCA7C6F]
	(No symbol) [0x00007FF63DCD02F3]
	(No symbol) [0x00007FF63DCA7A03]
	(No symbol) [0x00007FF63DC706D0]
	(No symbol) [0x00007FF63DC71983]
	GetHandleVerifier [0x00007FF63E1967CD+3579853]
	GetHandleVerifier [0x00007FF63E1AD1D2+3672530]
	GetHandleVerifier [0x00007FF63E1A2153+3627347]
	GetHandleVerifier [0x00007FF63DF0092A+868650]
	(No symbol) [0x00007FF63DDA2FFF]
	(No symbol) [0x00007FF63DD9F4A4]
	(No symbol) [0x00007FF63DD9F646]
	(No symbol) [0x00007FF63DD8EAA9]
	BaseThreadInitThunk [0x00007FFC0987269D+29]
	RtlUserThreadStart [0x00007FFC0BA8A9F8+40]

2025-04-02 11:45:16,038 - INFO - Processing student: 0001
2025-04-02 11:45:36,388 - WARNING - Attempt 3 failed for student 0001: Message: 
Stacktrace:
	GetHandleVerifier [0x00007FF63E134C25+3179557]
	(No symbol) [0x00007FF63DD988A0]
	(No symbol) [0x00007FF63DC291CA]
	(No symbol) [0x00007FF63DC7FA67]
	(No symbol) [0x00007FF63DC7FC9C]
	(No symbol) [0x00007FF63DCD3627]
	(No symbol) [0x00007FF63DCA7C6F]
	(No symbol) [0x00007FF63DCD02F3]
	(No symbol) [0x00007FF63DCA7A03]
	(No symbol) [0x00007FF63DC706D0]
	(No symbol) [0x00007FF63DC71983]
	GetHandleVerifier [0x00007FF63E1967CD+3579853]
	GetHandleVerifier [0x00007FF63E1AD1D2+3672530]
	GetHandleVerifier [0x00007FF63E1A2153+3627347]
	GetHandleVerifier [0x00007FF63DF0092A+868650]
	(No symbol) [0x00007FF63DDA2FFF]
	(No symbol) [0x00007FF63DD9F4A4]
	(No symbol) [0x00007FF63DD9F646]
	(No symbol) [0x00007FF63DD8EAA9]
	BaseThreadInitThunk [0x00007FFC0987269D+29]
	RtlUserThreadStart [0x00007FFC0BA8A9F8+40]

2025-04-02 11:45:36,391 - INFO - Processing student: 01
2025-04-02 11:46:05,995 - WARNING - Attempt 1 failed for student 01: Message: 
Stacktrace:
	GetHandleVerifier [0x00007FF63E134C25+3179557]
	(No symbol) [0x00007FF63DD988A0]
	(No symbol) [0x00007FF63DC291CA]
	(No symbol) [0x00007FF63DC7FA67]
	(No symbol) [0x00007FF63DC7FC9C]
	(No symbol) [0x00007FF63DCD3627]
	(No symbol) [0x00007FF63DCA7C6F]
	(No symbol) [0x00007FF63DCD02F3]
	(No symbol) [0x00007FF63DCA7A03]
	(No symbol) [0x00007FF63DC706D0]
	(No symbol) [0x00007FF63DC71983]
	GetHandleVerifier [0x00007FF63E1967CD+3579853]
	GetHandleVerifier [0x00007FF63E1AD1D2+3672530]
	GetHandleVerifier [0x00007FF63E1A2153+3627347]
	GetHandleVerifier [0x00007FF63DF0092A+868650]
	(No symbol) [0x00007FF63DDA2FFF]
	(No symbol) [0x00007FF63DD9F4A4]
	(No symbol) [0x00007FF63DD9F646]
	(No symbol) [0x00007FF63DD8EAA9]
	BaseThreadInitThunk [0x00007FFC0987269D+29]
	RtlUserThreadStart [0x00007FFC0BA8A9F8+40]

2025-04-02 11:46:08,779 - INFO - Processing student: 01
2025-04-02 11:46:08,815 - WARNING - Attempt 2 failed for student 01: Message: invalid session id: session deleted as the browser has closed the connection
from disconnected: not connected to DevTools
  (Session info: chrome=134.0.6998.178)
Stacktrace:
	GetHandleVerifier [0x00007FF63E134C25+3179557]
	(No symbol) [0x00007FF63DD988A0]
	(No symbol) [0x00007FF63DC291CA]
	(No symbol) [0x00007FF63DC14F85]
	(No symbol) [0x00007FF63DC39F94]
	(No symbol) [0x00007FF63DCAF9DF]
	(No symbol) [0x00007FF63DCCFBE2]
	(No symbol) [0x00007FF63DCA7A03]
	(No symbol) [0x00007FF63DC706D0]
	(No symbol) [0x00007FF63DC71983]
	GetHandleVerifier [0x00007FF63E1967CD+3579853]
	GetHandleVerifier [0x00007FF63E1AD1D2+3672530]
	GetHandleVerifier [0x00007FF63E1A2153+3627347]
	GetHandleVerifier [0x00007FF63DF0092A+868650]
	(No symbol) [0x00007FF63DDA2FFF]
	(No symbol) [0x00007FF63DD9F4A4]
	(No symbol) [0x00007FF63DD9F646]
	(No symbol) [0x00007FF63DD8EAA9]
	BaseThreadInitThunk [0x00007FFC0987269D+29]
	RtlUserThreadStart [0x00007FFC0BA8A9F8+40]

2025-04-02 11:46:08,936 - ERROR - Error during refresh: Message: invalid session id
Stacktrace:
	GetHandleVerifier [0x00007FF63E134C25+3179557]
	(No symbol) [0x00007FF63DD988A0]
	(No symbol) [0x00007FF63DC28FFC]
	(No symbol) [0x00007FF63DC6F8DF]
	(No symbol) [0x00007FF63DCA7AF2]
	(No symbol) [0x00007FF63DCA244E]
	(No symbol) [0x00007FF63DCA14F9]
	(No symbol) [0x00007FF63DBF55E5]
	GetHandleVerifier [0x00007FF63E1967CD+3579853]
	GetHandleVerifier [0x00007FF63E1AD1D2+3672530]
	GetHandleVerifier [0x00007FF63E1A2153+3627347]
	GetHandleVerifier [0x00007FF63DF0092A+868650]
	(No symbol) [0x00007FF63DDA2FFF]
	(No symbol) [0x00007FF63DBF41FF]
	GetHandleVerifier [0x00007FF63E21FA28+4141608]
	BaseThreadInitThunk [0x00007FFC0987269D+29]
	RtlUserThreadStart [0x00007FFC0BA8A9F8+40]

2025-04-02 11:46:08,936 - INFO - Processing student: 01
2025-04-02 11:46:08,936 - WARNING - Attempt 3 failed for student 01: Message: invalid session id
Stacktrace:
	GetHandleVerifier [0x00007FF63E134C25+3179557]
	(No symbol) [0x00007FF63DD988A0]
	(No symbol) [0x00007FF63DC28FFC]
	(No symbol) [0x00007FF63DC6F8DF]
	(No symbol) [0x00007FF63DCA7AF2]
	(No symbol) [0x00007FF63DCA244E]
	(No symbol) [0x00007FF63DCA14F9]
	(No symbol) [0x00007FF63DBF55E5]
	GetHandleVerifier [0x00007FF63E1967CD+3579853]
	GetHandleVerifier [0x00007FF63E1AD1D2+3672530]
	GetHandleVerifier [0x00007FF63E1A2153+3627347]
	GetHandleVerifier [0x00007FF63DF0092A+868650]
	(No symbol) [0x00007FF63DDA2FFF]
	(No symbol) [0x00007FF63DBF41FF]
	GetHandleVerifier [0x00007FF63E21FA28+4141608]
	BaseThreadInitThunk [0x00007FFC0987269D+29]
	RtlUserThreadStart [0x00007FFC0BA8A9F8+40]

2025-04-02 11:46:18,045 - INFO - Shutting down application
2025-04-04 19:01:58,494 - INFO - Processing student: 445
2025-04-04 19:01:58,494 - INFO - Processing student: 088
2025-04-04 19:01:58,494 - INFO - Processing student: 178
2025-04-04 19:01:58,494 - INFO - Processing student: 110
2025-04-04 19:02:02,853 - INFO - Processing student: 741
2025-04-04 19:02:02,881 - INFO - Processing student: 296
2025-04-04 19:02:02,892 - INFO - Processing student: 087
2025-04-04 19:02:02,893 - INFO - Processing student: 220
2025-04-04 19:02:03,508 - INFO - Processing student: 771
2025-04-04 19:02:03,594 - INFO - Processing student: 042
2025-04-04 19:02:07,228 - INFO - Processing student: 168
2025-04-04 19:02:07,276 - INFO - Processing student: 374
2025-04-04 19:02:07,774 - INFO - Processing student: 812
2025-04-04 19:02:07,913 - INFO - Processing student: 184
2025-04-04 19:02:07,951 - INFO - Processing student: 070
2025-04-04 19:02:08,483 - INFO - Processing student: 392
2025-04-04 19:02:12,083 - INFO - Processing student: 813
2025-04-04 19:02:12,260 - INFO - Processing student: 144
2025-04-04 19:02:12,313 - INFO - Processing student: 117
2025-04-04 19:02:12,813 - INFO - Processing student: 426
2025-04-04 19:02:16,305 - INFO - Processing student: 793
2025-04-04 19:02:16,545 - INFO - Processing student: 155
2025-04-04 19:02:16,624 - INFO - Processing student: 045
2025-04-04 19:02:17,128 - INFO - Processing student: 438
2025-04-04 19:02:20,635 - INFO - Processing student: 465
2025-04-04 19:02:20,858 - INFO - Processing student: 221
2025-04-04 19:02:20,960 - INFO - Processing student: 096
2025-04-04 19:02:21,452 - INFO - Processing student: 449
2025-04-04 19:02:25,042 - INFO - Processing student: 665
2025-04-04 19:02:25,233 - INFO - Processing student: 209
2025-04-04 19:02:25,338 - INFO - Processing student: 098
2025-04-04 19:02:25,820 - INFO - Processing student: 411
2025-04-04 19:02:26,524 - INFO - Processing student: 006
2025-04-04 19:02:29,359 - INFO - Processing student: 809
2025-04-04 19:02:29,538 - INFO - Processing student: 230
2025-04-04 19:02:30,092 - INFO - Processing student: 285
2025-04-04 19:02:30,511 - INFO - Processing student: 703
2025-04-04 19:02:30,787 - INFO - Processing student: 102
2025-04-04 19:02:31,133 - INFO - Processing student: 708
2025-04-04 19:02:31,260 - INFO - Processing student: 225
2025-04-04 19:02:32,400 - INFO - Processing student: 321
2025-04-04 19:02:33,580 - INFO - Processing student: 313
2025-04-04 19:02:33,811 - INFO - Processing student: 208
2025-04-04 19:02:35,409 - INFO - Processing student: 727
2025-04-04 19:02:36,072 - INFO - Processing student: 821
2025-04-04 19:02:36,763 - INFO - Processing student: 478
2025-04-04 19:02:38,037 - INFO - Processing student: 419
2025-04-04 19:02:38,201 - INFO - Processing student: 140
2025-04-04 19:02:39,210 - INFO - Processing student: 218
2025-04-04 19:02:41,042 - INFO - Processing student: 826
2025-04-04 19:02:42,493 - INFO - Processing student: 198
2025-04-04 19:02:43,179 - INFO - Processing student: 134
2025-04-04 19:02:43,501 - INFO - Processing student: 189
2025-04-04 19:02:44,163 - INFO - Processing student: 405
2025-04-04 19:02:45,317 - INFO - Processing student: 258
2025-04-04 19:02:45,408 - INFO - Processing student: 806
2025-04-04 19:02:46,036 - INFO - Processing student: 298
2025-04-04 19:02:47,449 - INFO - Processing student: 401
2025-04-04 19:02:49,736 - INFO - Processing student: 652
2025-04-04 19:02:50,290 - INFO - Processing student: 448
2025-04-04 19:02:54,027 - INFO - Processing student: 253
2025-04-04 19:02:54,604 - INFO - Processing student: 453
2025-04-04 19:02:58,408 - INFO - Processing student: 550
2025-04-04 19:02:59,004 - INFO - Processing student: 454
2025-04-04 19:03:02,846 - INFO - Processing student: 389
2025-04-04 19:03:03,343 - INFO - Processing student: 288
2025-04-04 19:03:04,068 - INFO - Processing student: 346
2025-04-04 19:03:07,285 - INFO - Processing student: 790
2025-04-04 19:03:08,329 - INFO - Processing student: 314
2025-04-04 19:03:11,578 - INFO - Processing student: 668
2025-04-04 19:03:12,658 - INFO - Processing student: 289
2025-04-04 19:03:15,911 - INFO - Processing student: 455
2025-04-04 19:03:16,918 - INFO - Processing student: 153
2025-04-04 19:03:20,197 - INFO - Processing student: 569
2025-04-04 19:03:21,197 - INFO - Processing student: 290
2025-04-04 19:03:24,577 - INFO - Processing student: 690
2025-04-04 19:03:25,543 - INFO - Processing student: 420
2025-04-04 19:03:28,985 - INFO - Processing student: 279
2025-04-04 19:03:29,924 - INFO - Processing student: 444
2025-04-04 19:03:33,308 - INFO - Processing student: 284
2025-04-04 19:03:34,292 - INFO - Processing student: 335
2025-04-04 19:03:37,632 - INFO - Processing student: 762
2025-04-04 19:03:38,416 - INFO - Processing student: 361
2025-04-04 19:03:38,638 - INFO - Processing student: 101
2025-04-04 19:03:39,792 - INFO - Processing student: 396
2025-04-04 19:03:42,674 - INFO - Processing student: 383
2025-04-04 19:03:44,110 - INFO - Processing student: 366
2025-04-04 19:03:46,952 - INFO - Processing student: 726
2025-04-04 19:03:48,426 - INFO - Processing student: 270
2025-04-04 19:03:51,270 - INFO - Processing student: 808
2025-04-04 19:03:52,766 - INFO - Processing student: 363
2025-04-04 19:03:55,579 - INFO - Processing student: 829
2025-04-04 19:03:56,263 - INFO - Processing student: 633
2025-04-04 19:03:57,074 - INFO - Processing student: 271
2025-04-04 19:04:00,570 - INFO - Processing student: 767
2025-04-04 19:04:01,390 - INFO - Processing student: 399
2025-04-04 19:04:04,888 - INFO - Processing student: 766
2025-04-04 19:04:05,714 - INFO - Processing student: 400
2025-04-04 19:04:06,387 - INFO - Processing student: 168
2025-04-04 19:04:07,073 - INFO - Processing student: 277
2025-04-04 19:04:09,280 - INFO - Processing student: 234
2025-04-04 19:04:11,396 - INFO - Processing student: 279
2025-04-04 19:04:13,651 - INFO - Processing student: 722
2025-04-04 19:04:15,734 - INFO - Processing student: 422
2025-04-04 19:04:16,915 - INFO - Processing student: 333
2025-04-04 19:04:17,987 - INFO - Processing student: 657
2025-04-04 19:04:21,307 - INFO - Processing student: 059
2025-04-04 19:04:22,365 - INFO - Processing student: 737
2025-04-04 19:04:25,772 - INFO - Processing student: 428
2025-04-04 19:04:26,770 - INFO - Processing student: 709
2025-04-04 19:04:30,070 - INFO - Processing student: 452
2025-04-04 19:04:31,083 - INFO - Processing student: 720
2025-04-04 19:04:34,344 - INFO - Processing student: 430
2025-04-04 19:04:35,370 - INFO - Processing student: 360
2025-04-04 19:04:39,670 - INFO - Processing student: 572
2025-04-04 19:04:43,958 - INFO - Processing student: 676
2025-04-04 19:04:48,232 - INFO - Processing student: 725
2025-04-04 19:04:52,570 - INFO - Processing student: 363
2025-04-04 19:04:56,871 - INFO - Processing student: 448
2025-04-04 19:05:01,174 - INFO - Processing student: 825
2025-04-04 19:05:05,463 - INFO - Processing student: 761
2025-04-04 19:05:09,817 - INFO - Processing student: 797
2025-04-04 19:05:14,144 - INFO - Processing student: 733
2025-04-04 19:05:18,485 - INFO - Processing student: 602
2025-04-04 19:05:19,310 - INFO - Processing student: 576
2025-04-04 19:05:23,626 - INFO - Processing student: 251
2025-04-04 19:05:27,926 - INFO - Processing student: 459
2025-04-04 19:05:32,324 - INFO - Processing student: 473
2025-04-04 19:05:36,663 - INFO - Processing student: 696
2025-04-04 19:05:40,953 - INFO - Processing student: 608
2025-04-04 19:05:45,295 - INFO - Processing student: 601
2025-04-04 19:05:49,713 - INFO - Processing student: 795
2025-04-04 19:05:54,040 - INFO - Processing student: 500
2025-04-04 20:35:53,069 - INFO - Processing student: 74
2025-04-04 20:35:53,759 - INFO - Processing student: 107
2025-04-04 20:35:58,185 - INFO - Processing student: 95
2025-04-04 20:36:02,400 - INFO - Processing student: 118
2025-04-04 20:36:06,697 - INFO - Processing student: 20
2025-04-04 20:43:17,616 - INFO - Processing student: 600
2025-04-04 20:43:17,617 - INFO - Processing student: 048
2025-04-04 20:43:17,617 - INFO - Processing student: 152
2025-04-04 20:43:22,007 - INFO - Processing student: 691
2025-04-04 20:43:22,031 - INFO - Processing student: 180
2025-04-04 20:43:22,077 - INFO - Processing student: 054
2025-04-04 20:43:26,307 - INFO - Processing student: 711
2025-04-04 20:43:26,417 - INFO - Processing student: 182
2025-04-04 20:43:26,492 - INFO - Processing student: 083
2025-04-04 20:43:30,612 - INFO - Processing student: 702
2025-04-04 20:43:30,835 - INFO - Processing student: 187
2025-04-04 20:43:30,890 - INFO - Processing student: 227
2025-04-04 20:43:34,921 - INFO - Processing student: 296
2025-04-04 20:43:35,185 - INFO - Processing student: 212
2025-04-04 20:43:35,248 - INFO - Processing student: 390
2025-04-04 20:43:39,207 - INFO - Processing student: 814
2025-04-04 20:43:39,577 - INFO - Processing student: 223
2025-04-04 20:43:39,623 - INFO - Processing student: 295
2025-04-04 20:43:43,547 - INFO - Processing student: 780
2025-04-04 20:43:43,998 - INFO - Processing student: 173
2025-04-04 20:43:44,031 - INFO - Processing student: 350
2025-04-04 20:43:47,828 - INFO - Processing student: 400
2025-04-04 20:43:48,401 - INFO - Processing student: 205
2025-04-04 20:43:48,408 - INFO - Processing student: 269
2025-04-04 20:43:52,182 - INFO - Processing student: 617
2025-04-04 20:43:52,801 - INFO - Processing student: 408
2025-04-04 20:43:52,801 - INFO - Processing student: 192
2025-04-04 20:43:56,527 - INFO - Processing student: 642
2025-04-04 20:43:57,160 - INFO - Processing student: 643
2025-04-04 20:43:57,195 - INFO - Processing student: 326
2025-04-04 20:43:57,219 - INFO - Processing student: 108
2025-04-04 20:43:57,824 - INFO - Processing student: 683
2025-04-04 20:44:01,589 - INFO - Processing student: 286
2025-04-04 20:44:01,627 - INFO - Processing student: 233
2025-04-04 20:44:02,134 - INFO - Processing student: 463
2025-04-04 20:44:02,323 - INFO - Processing student: 409
2025-04-04 20:44:06,039 - INFO - Processing student: 157
2025-04-04 20:44:06,434 - INFO - Processing student: 381
2025-04-04 20:44:06,650 - INFO - Processing student: 372
2025-04-04 20:44:10,399 - INFO - Processing student: 207
2025-04-04 20:44:10,737 - INFO - Processing student: 794
2025-04-04 20:44:11,057 - INFO - Processing student: 370
2025-04-04 20:44:14,764 - INFO - Processing student: 188
2025-04-04 20:44:15,100 - INFO - Processing student: 799
2025-04-04 20:44:19,057 - INFO - Processing student: 202
2025-04-04 20:44:19,384 - INFO - Processing student: 390
2025-04-04 20:44:23,353 - INFO - Processing student: 190
2025-04-04 20:44:23,683 - INFO - Processing student: 789
2025-04-04 20:44:27,574 - INFO - Processing student: 142
2025-04-04 20:44:27,953 - INFO - Processing student: 615
2025-04-04 20:44:28,620 - INFO - Processing student: 740
2025-04-04 20:44:31,838 - INFO - Processing student: 198
2025-04-04 20:44:32,524 - INFO - Processing student: 200
2025-04-04 20:44:32,880 - INFO - Processing student: 589
2025-04-04 20:44:36,810 - INFO - Processing student: 179
2025-04-04 20:44:37,190 - INFO - Processing student: 450
2025-04-04 20:44:41,179 - INFO - Processing student: 211
2025-04-04 20:44:41,467 - INFO - Processing student: 625
2025-04-04 20:44:45,503 - INFO - Processing student: 218
2025-04-04 20:44:45,785 - INFO - Processing student: 673
2025-04-04 20:44:50,124 - INFO - Processing student: 823
2025-04-04 20:44:54,439 - INFO - Processing student: 785
2025-04-04 20:44:58,746 - INFO - Processing student: 409
2025-04-04 20:45:03,056 - INFO - Processing student: 645
2025-04-04 20:45:03,721 - INFO - Processing student: 816
2025-04-04 20:45:08,022 - INFO - Processing student: 603
2025-04-04 20:45:12,386 - INFO - Processing student: 792
2025-04-04 20:45:16,687 - INFO - Processing student: 398
2025-04-04 20:45:20,992 - INFO - Processing student: 362
2025-04-04 20:45:25,296 - INFO - Processing student: 614
2025-04-04 20:45:29,607 - INFO - Processing student: 653
2025-04-04 20:45:33,875 - INFO - Processing student: 456
2025-04-04 21:22:55,781 - INFO - Shutting down application
2025-04-06 18:35:25,054 - INFO - Processing student: 0042
2025-04-06 18:35:27,542 - INFO - Processing student: 0039
2025-04-06 18:35:29,909 - INFO - Processing student: 0047
2025-04-06 18:35:32,316 - INFO - Processing student: 0069
2025-04-06 18:35:34,657 - INFO - Processing student: 0093
2025-04-06 18:35:37,056 - INFO - Processing student: 0096
2025-04-06 18:35:39,462 - INFO - Processing student: 0111
2025-04-06 18:35:41,990 - INFO - Processing student: 112
2025-04-06 18:35:44,365 - INFO - Processing student: 113
2025-04-06 18:35:46,789 - INFO - Processing student: 117
2025-04-06 18:35:49,138 - INFO - Processing student: 119
2025-04-06 18:35:51,485 - INFO - Processing student: 045
2025-04-06 18:35:53,835 - INFO - Processing student: 102
2025-04-06 18:35:56,229 - INFO - Processing student: 121
2025-04-06 18:35:58,620 - INFO - Processing student: 108
2025-04-06 18:36:00,905 - INFO - Processing student: 120
2025-04-06 18:36:03,302 - INFO - Processing student: 085
2025-04-06 18:36:05,678 - INFO - Processing student: 0006
2025-04-06 18:36:08,062 - INFO - Processing student: 0015
2025-04-06 18:36:10,438 - INFO - Processing student: 076
2025-04-06 18:36:12,872 - INFO - Processing student: 110
2025-04-06 18:36:15,332 - INFO - Processing student: 091
2025-04-06 18:36:17,745 - INFO - Processing student: 101
2025-04-06 18:36:20,009 - INFO - Processing student: 092
2025-04-06 18:36:22,393 - INFO - Processing student: 058
2025-04-06 18:36:24,782 - INFO - Processing student: 020
2025-04-06 18:36:27,086 - INFO - Processing student: 128
2025-04-06 18:36:29,537 - INFO - Processing student: 074
2025-04-06 18:36:31,874 - INFO - Processing student: 022
2025-04-06 18:42:31,384 - INFO - Processing student: 0006
2025-04-06 18:42:33,670 - INFO - Processing student: 0042
2025-04-06 18:42:36,002 - INFO - Processing student: 0015
2025-04-06 18:42:38,280 - INFO - Processing student: 0020
2025-04-06 18:42:40,610 - INFO - Processing student: 0022
2025-04-06 18:42:42,932 - INFO - Processing student: 088
2025-04-06 18:42:45,242 - INFO - Processing student: 0091
2025-04-06 18:42:47,581 - INFO - Processing student: 0039
2025-04-06 18:42:49,920 - INFO - Processing student: 0047
2025-04-06 18:42:52,239 - INFO - Processing student: 0069
2025-04-06 18:42:54,592 - INFO - Processing student: 0093
2025-04-06 18:42:56,924 - INFO - Processing student: 0096
2025-04-06 18:42:59,385 - INFO - Processing student: 0111
2025-04-06 18:43:01,860 - INFO - Processing student: 112
2025-04-06 18:43:04,151 - INFO - Processing student: 113
2025-04-06 18:43:06,693 - INFO - Processing student: 117
2025-04-06 18:43:09,000 - INFO - Processing student: 119
2025-04-06 18:43:11,287 - INFO - Processing student: 045
2025-04-06 18:43:13,629 - INFO - Processing student: 102
2025-04-06 18:43:15,987 - INFO - Processing student: 121
2025-04-06 18:43:18,326 - INFO - Processing student: 108
2025-04-06 18:43:20,661 - INFO - Processing student: 120
2025-04-06 18:43:22,974 - INFO - Processing student: 085
2025-04-06 18:43:25,296 - INFO - Processing student: 0006
2025-04-06 18:43:27,684 - INFO - Processing student: 0015
2025-04-06 18:43:29,991 - INFO - Processing student: 076
2025-04-06 18:43:32,306 - INFO - Processing student: 110
2025-04-06 18:43:34,657 - INFO - Processing student: 091
2025-04-06 18:43:36,945 - INFO - Processing student: 101
2025-04-06 18:43:39,185 - INFO - Processing student: 092
2025-04-06 18:43:41,663 - INFO - Processing student: 058
2025-04-06 18:43:44,022 - INFO - Processing student: 020
2025-04-06 18:43:46,376 - INFO - Processing student: 128
2025-04-06 18:43:48,924 - INFO - Processing student: 074
2025-04-06 18:43:51,242 - INFO - Processing student: 022
2025-04-06 20:17:47,988 - INFO - Processing student: 0058
2025-04-06 20:17:50,252 - INFO - Processing student: 0066
2025-04-06 20:17:52,574 - INFO - Processing student: 0013
2025-04-06 20:17:54,871 - INFO - Processing student: 0026
2025-04-06 20:17:57,203 - INFO - Processing student: 0084
2025-04-06 20:17:59,574 - INFO - Processing student: 0061
2025-04-06 20:18:01,926 - INFO - Processing student: 0086
2025-04-06 20:18:04,263 - INFO - Processing student: 0025
2025-04-06 20:18:06,580 - INFO - Processing student: 0067
2025-04-06 20:18:08,903 - INFO - Processing student: 0070
2025-04-06 20:18:11,265 - INFO - Processing student: 0079
2025-04-06 20:18:13,615 - INFO - Processing student: 0068
2025-04-06 20:18:15,914 - INFO - Processing student: 0073
2025-04-06 20:18:18,260 - INFO - Processing student: 0009
2025-04-06 20:18:20,529 - INFO - Processing student: 0065
2025-04-06 20:18:22,855 - INFO - Processing student: 0066
2025-04-06 20:18:25,240 - INFO - Processing student: 0066
2025-04-06 20:18:27,585 - INFO - Processing student: 0060
2025-04-06 20:42:02,814 - INFO - Processing student: 0040
2025-04-06 20:42:02,815 - INFO - Processing student: 134
2025-04-06 20:42:02,815 - INFO - Processing student: 0058
2025-04-06 20:42:05,077 - INFO - Processing student: 0066
2025-04-06 20:42:05,119 - INFO - Processing student: 155
2025-04-06 20:42:05,144 - INFO - Processing student: 0253
2025-04-06 20:42:07,377 - INFO - Processing student: 201
2025-04-06 20:42:07,440 - INFO - Processing student: 0013
2025-04-06 20:42:07,494 - INFO - Processing student: 0390
2025-04-06 20:42:09,618 - INFO - Processing student: 142
2025-04-06 20:42:09,819 - INFO - Processing student: 0026
2025-04-06 20:42:09,955 - INFO - Processing student: 0424
2025-04-06 20:42:11,867 - INFO - Processing student: 218
2025-04-06 20:42:12,106 - INFO - Processing student: 0084
2025-04-06 20:42:12,409 - INFO - Processing student: 0795
2025-04-06 20:42:14,155 - INFO - Processing student: 217
2025-04-06 20:42:14,405 - INFO - Processing student: 0061
2025-04-06 20:42:14,788 - INFO - Processing student: 0230
2025-04-06 20:42:16,392 - INFO - Processing student: 227
2025-04-06 20:42:16,761 - INFO - Processing student: 0086
2025-04-06 20:42:17,087 - INFO - Processing student: 676
2025-04-06 20:42:18,645 - INFO - Processing student: 233
2025-04-06 20:42:19,133 - INFO - Processing student: 0025
2025-04-06 20:42:19,398 - INFO - Processing student: 569
2025-04-06 20:42:20,882 - INFO - Processing student: 129
2025-04-06 20:42:21,505 - INFO - Processing student: 0067
2025-04-06 20:42:21,687 - INFO - Processing student: 811
2025-04-06 20:42:23,110 - INFO - Processing student: 208
2025-04-06 20:42:23,853 - INFO - Processing student: 0070
2025-04-06 20:42:24,056 - INFO - Processing student: 395
2025-04-06 20:42:25,331 - INFO - Processing student: 126
2025-04-06 20:42:26,127 - INFO - Processing student: 0079
2025-04-06 20:42:26,421 - INFO - Processing student: 816
2025-04-06 20:42:27,570 - INFO - Processing student: 195
2025-04-06 20:42:28,484 - INFO - Processing student: 0068
2025-04-06 20:42:28,759 - INFO - Processing student: 737
2025-04-06 20:42:29,823 - INFO - Processing student: 203
2025-04-06 20:42:30,916 - INFO - Processing student: 0073
2025-04-06 20:42:31,088 - INFO - Processing student: 284
2025-04-06 20:42:32,047 - INFO - Processing student: 180
2025-04-06 20:42:33,293 - INFO - Processing student: 0009
2025-04-06 20:42:33,401 - INFO - Processing student: 673
2025-04-06 20:42:34,299 - INFO - Processing student: 196
2025-04-06 20:42:35,596 - INFO - Processing student: 0065
2025-04-06 20:42:35,726 - INFO - Processing student: 764
2025-04-06 20:42:36,525 - INFO - Processing student: 140
2025-04-06 20:42:37,912 - INFO - Processing student: 0066
2025-04-06 20:42:38,144 - INFO - Processing student: 655
2025-04-06 20:42:38,762 - INFO - Processing student: 231
2025-04-06 20:42:40,340 - INFO - Processing student: 0066
2025-04-06 20:42:40,528 - INFO - Processing student: 707
2025-04-06 20:42:40,991 - INFO - Processing student: 162
2025-04-06 20:42:42,700 - INFO - Processing student: 0060
2025-04-06 20:42:42,876 - INFO - Processing student: 761
2025-04-06 20:42:43,226 - INFO - Processing student: 192
2025-04-06 20:42:45,210 - INFO - Processing student: 829
2025-04-06 20:42:45,443 - INFO - Processing student: 108
2025-04-06 20:42:47,663 - INFO - Processing student: 549
2025-04-06 20:42:47,700 - INFO - Processing student: 136
2025-04-06 20:42:49,946 - INFO - Processing student: 145
2025-04-06 20:42:50,014 - INFO - Processing student: 823
2025-04-06 20:42:52,208 - INFO - Processing student: 202
2025-04-06 20:42:52,383 - INFO - Processing student: 741
2025-04-06 20:42:54,433 - INFO - Processing student: 184
2025-04-06 20:42:54,667 - INFO - Processing student: 672
2025-04-06 20:42:56,661 - INFO - Processing student: 139
2025-04-06 20:42:56,999 - INFO - Processing student: 400
2025-04-06 20:42:58,904 - INFO - Processing student: 159
2025-04-06 20:42:59,366 - INFO - Processing student: 0018
2025-04-06 20:43:01,158 - INFO - Processing student: 221
2025-04-06 20:43:01,724 - INFO - Processing student: 780
2025-04-06 20:43:03,403 - INFO - Processing student: 173
2025-04-06 20:43:04,094 - INFO - Processing student: 764
2025-04-06 20:43:05,668 - INFO - Processing student: 223
2025-04-06 20:43:06,404 - INFO - Processing student: 681
2025-04-06 20:43:07,932 - INFO - Processing student: 171
2025-04-06 20:43:08,681 - INFO - Processing student: 803
2025-04-06 20:43:10,151 - INFO - Processing student: 188
2025-04-06 20:43:11,003 - INFO - Processing student: 422
2025-04-06 20:43:12,408 - INFO - Processing student: 211
2025-04-06 20:43:13,350 - INFO - Processing student: 361
2025-04-06 20:43:14,647 - INFO - Processing student: 214
2025-04-06 20:43:15,677 - INFO - Processing student: 729
2025-04-06 20:43:16,891 - INFO - Processing student: 178
2025-04-06 20:43:18,085 - INFO - Processing student: 799
2025-04-06 20:43:20,420 - INFO - Processing student: 808
2025-04-06 20:43:22,701 - INFO - Processing student: 831
2025-04-06 20:43:23,363 - INFO - Processing student: 459
2025-04-06 20:43:25,655 - INFO - Processing student: 782
2025-04-06 20:43:27,925 - INFO - Processing student: 825
2025-04-06 20:43:30,239 - INFO - Processing student: 521
2025-04-06 20:43:32,494 - INFO - Processing student: 697
2025-04-06 20:43:34,781 - INFO - Processing student: 445
2025-04-06 20:43:37,031 - INFO - Processing student: 631
2025-04-06 20:43:39,317 - INFO - Processing student: 700
2025-04-06 20:43:41,588 - INFO - Processing student: 233
2025-04-06 20:43:42,750 - INFO - Processing student: 229
2025-04-06 20:43:44,982 - INFO - Processing student: 251
2025-04-06 20:43:47,232 - INFO - Processing student: 300
2025-04-06 20:43:49,477 - INFO - Processing student: 350
2025-04-06 20:43:51,706 - INFO - Processing student: 402
2025-04-06 20:43:53,969 - INFO - Processing student: 463
2025-04-06 20:43:56,203 - INFO - Processing student: 708
2025-04-06 20:43:58,498 - INFO - Processing student: 771
2025-04-06 20:44:00,761 - INFO - Processing student: 348
2025-04-06 20:44:03,027 - INFO - Processing student: 349
2025-04-06 20:44:05,280 - INFO - Processing student: 383
2025-04-06 20:44:07,556 - INFO - Processing student: 601
2025-04-06 20:44:09,825 - INFO - Processing student: 614
2025-04-06 20:44:12,099 - INFO - Processing student: 664
2025-04-06 20:44:14,377 - INFO - Processing student: 0011
2025-04-06 20:44:16,640 - INFO - Processing student: 617
2025-04-06 20:44:18,942 - INFO - Processing student: 645
2025-04-06 20:44:21,273 - INFO - Processing student: 494
2025-04-06 20:44:23,544 - INFO - Processing student: 579
2025-04-06 20:44:25,854 - INFO - Processing student: 684
2025-04-06 20:44:28,098 - INFO - Processing student: 690
2025-04-06 20:44:30,333 - INFO - Processing student: 787
2025-04-06 20:44:32,593 - INFO - Processing student: 759
2025-04-06 20:44:34,847 - INFO - Processing student: 789
2025-04-06 20:44:37,097 - INFO - Processing student: 804
2025-04-06 20:44:39,348 - INFO - Processing student: 809
2025-04-06 20:44:41,616 - INFO - Processing student: 279
2025-04-06 20:44:43,860 - INFO - Processing student: 373
2025-04-06 20:44:46,143 - INFO - Processing student: 379
2025-04-06 20:44:48,399 - INFO - Processing student: 420
2025-04-06 20:44:50,690 - INFO - Processing student: 472
2025-04-06 20:44:52,939 - INFO - Processing student: 575
2025-04-06 20:44:55,205 - INFO - Processing student: 603
2025-04-06 20:44:57,458 - INFO - Processing student: 0014
2025-04-06 20:44:59,744 - INFO - Processing student: 535
2025-04-06 20:45:01,977 - INFO - Processing student: 639
2025-04-06 20:45:04,225 - INFO - Processing student: 701
2025-04-06 20:45:06,492 - INFO - Processing student: 722
2025-04-06 20:45:08,735 - INFO - Processing student: 790
2025-04-06 20:45:11,010 - INFO - Processing student: 794
2025-04-06 20:45:13,259 - INFO - Processing student: 813
2025-04-06 20:45:15,524 - INFO - Processing student: 575
2025-04-06 20:45:17,766 - INFO - Processing student: 818
2025-04-06 20:45:20,054 - INFO - Processing student: 559
2025-04-06 20:45:22,298 - INFO - Processing student: 699
2025-04-06 20:45:24,551 - INFO - Processing student: 826
2025-04-06 20:45:26,816 - INFO - Processing student: 628
2025-04-06 20:45:29,114 - INFO - Processing student: 758
2025-04-06 20:45:31,362 - INFO - Processing student: 821
2025-04-06 20:45:33,646 - INFO - Processing student: 252
2025-04-06 20:45:35,880 - INFO - Processing student: 768
2025-04-06 20:45:38,134 - INFO - Processing student: 814
2025-04-06 20:45:40,420 - INFO - Processing student: 805
2025-04-06 20:45:42,677 - INFO - Processing student: 702
2025-04-06 20:45:44,932 - INFO - Processing student: 155
2025-04-06 20:45:45,589 - INFO - Processing student: 605
2025-04-06 20:45:47,814 - INFO - Processing student: 500
2025-04-06 20:45:50,073 - INFO - Processing student: 234
2025-04-06 20:45:52,310 - INFO - Processing student: 465
2025-04-06 20:45:54,604 - INFO - Processing student: 705
2025-04-06 20:45:56,878 - INFO - Processing student: 576
2025-04-06 20:45:59,214 - INFO - Processing student: 509
2025-04-06 20:46:01,534 - INFO - Processing student: 473
2025-04-06 20:46:03,826 - INFO - Processing student: 246
2025-04-06 20:46:06,093 - INFO - Processing student: 593
2025-04-06 20:46:08,399 - INFO - Processing student: 290
2025-04-06 20:46:10,696 - INFO - Processing student: 442
2025-04-06 20:46:12,990 - INFO - Processing student: 798
2025-04-06 20:46:15,294 - INFO - Processing student: 661
2025-04-06 20:46:17,582 - INFO - Processing student: 806
2025-04-06 20:46:19,880 - INFO - Processing student: 819
2025-04-06 20:46:22,195 - INFO - Processing student: 422
2025-04-06 20:46:24,476 - INFO - Processing student: 419
2025-04-06 20:46:26,761 - INFO - Processing student: 830
2025-04-06 20:46:29,051 - INFO - Processing student: 457
2025-04-06 20:46:31,351 - INFO - Processing student: 797
2025-04-06 20:46:33,672 - INFO - Processing student: 233
2025-04-06 20:46:34,347 - INFO - Processing student: 401
2025-04-06 20:46:36,602 - INFO - Processing student: 828
2025-04-06 20:46:38,878 - INFO - Processing student: 360
2025-04-06 20:46:41,141 - INFO - Processing student: 472
2025-04-06 20:46:43,430 - INFO - Processing student: 794
2025-04-06 20:46:45,727 - INFO - Processing student: 691
2025-04-06 20:46:48,018 - INFO - Processing student: 572
2025-04-06 20:46:50,281 - INFO - Processing student: 778
2025-04-06 20:46:52,579 - INFO - Processing student: 670
2025-04-06 20:46:54,887 - INFO - Processing student: 408
2025-04-06 20:46:57,264 - INFO - Processing student: 723
2025-04-06 20:46:59,642 - INFO - Processing student: 785
2025-04-06 20:47:01,928 - INFO - Processing student: 416
2025-04-06 20:47:04,210 - INFO - Processing student: 709
2025-04-06 20:47:06,473 - INFO - Processing student: 813
2025-04-06 20:47:08,704 - INFO - Processing student: 706
2025-04-06 20:47:11,041 - INFO - Processing student: 0015
2025-04-06 20:47:13,319 - INFO - Processing student: 427
2025-04-06 20:47:15,650 - INFO - Processing student: 582
2025-04-06 20:47:17,920 - INFO - Processing student: 621
2025-04-06 20:47:20,214 - INFO - Processing student: 680
2025-04-06 20:47:22,548 - INFO - Processing student: 832
2025-04-06 20:47:23,239 - INFO - Processing student: 416
2025-04-06 20:47:25,552 - INFO - Processing student: 472
2025-04-06 20:47:27,847 - INFO - Processing student: 786
2025-04-06 20:47:30,064 - INFO - Processing student: 702
2025-04-06 20:47:32,301 - INFO - Processing student: 286
2025-04-06 20:47:34,538 - INFO - Processing student: 657
2025-04-06 20:47:36,812 - INFO - Processing student: 292
2025-04-06 20:47:39,032 - INFO - Processing student: 723
2025-04-06 21:03:36,014 - INFO - Shutting down application
2025-04-12 11:28:41,681 - INFO - Shutting down application
2025-04-12 11:36:43,288 - INFO - Processing student: 0069
2025-04-12 11:36:47,746 - INFO - Processing student: 0074
2025-04-12 11:37:40,888 - INFO - Shutting down application
2025-04-12 11:39:54,158 - INFO - Shutting down application
2025-04-12 11:44:03,230 - INFO - Shutting down application
2025-04-12 11:46:14,052 - INFO - Processing student: 0039
2025-04-12 11:46:18,475 - INFO - Processing student: 0047
2025-04-12 11:46:22,897 - INFO - Processing student: 0005
2025-04-12 11:46:23,608 - INFO - Processing student: 0001
